<?xml version="1.0" encoding="UTF-8"?>
<!-- Generated by org.testng.reporters.JUnitReportReporter -->
<testsuite hostname="DESKTOP-EFL62U4" failures="0" tests="2" name="TestCase.TS7_TC00PaymentVoucher" time="14.202" errors="1" timestamp="2021-01-24T14:42:34 EET" skipped="1">
  <testcase classname="TestCase.TS7_TC00PaymentVoucher" name="intiateDriver" time="14.202">
    <error message="session not created
from chrome not reachable
  (Session info: chrome=87.0.4280.141)
Build info: version: &#039;4.0.0-alpha-6&#039;, revision: &#039;5f43a29cfc&#039;
System info: host: &#039;DESKTOP-EFL62U4&#039;, ip: &#039;192.168.1.77&#039;, os.name: &#039;Windows 10&#039;, os.arch: &#039;amd64&#039;, os.version: &#039;10.0&#039;, java.version: &#039;15&#039;
Driver info: driver.version: ChromeDriver
remote stacktrace: Backtrace:
	Ordinal0 [0x005FC013+3194899]
	Ordinal0 [0x004E6021+2056225]
	Ordinal0 [0x0037F4B0+586928]
	Ordinal0 [0x00375894+546964]
	Ordinal0 [0x00375F2C+548652]
	Ordinal0 [0x00377175+553333]
	Ordinal0 [0x0037241E+533534]
	Ordinal0 [0x00380620+591392]
	Ordinal0 [0x00322A0C+207372]
	Ordinal0 [0x00321D0D+204045]
	Ordinal0 [0x0031FC1B+195611]
	Ordinal0 [0x00303B7F+80767]
	Ordinal0 [0x00304B4E+84814]
	Ordinal0 [0x00304AD9+84697]
	Ordinal0 [0x004FCE64+2149988]
	GetHandleVerifier [0x0076BE95+1400773]
	GetHandleVerifier [0x0076BB61+1399953]
	GetHandleVerifier [0x007731FA+1430314]
	GetHandleVerifier [0x0076C69F+1402831]
	Ordinal0 [0x004F3D61+2112865]
	Ordinal0 [0x004FE5CB+2155979]
	Ordinal0 [0x004FE6F5+2156277]
	Ordinal0 [0x0050F26E+2224750]
	BaseThreadInitThunk [0x754E6359+25]
	RtlGetAppContainerNamedObjectPath [0x77538944+228]
	RtlGetAppContainerNamedObjectPath [0x77538914+180]
" type="org.openqa.selenium.SessionNotCreatedException">
      <![CDATA[org.openqa.selenium.SessionNotCreatedException: session not created
from chrome not reachable
  (Session info: chrome=87.0.4280.141)
Build info: version: '4.0.0-alpha-6', revision: '5f43a29cfc'
System info: host: 'DESKTOP-EFL62U4', ip: '192.168.1.77', os.name: 'Windows 10', os.arch: 'amd64', os.version: '10.0', java.version: '15'
Driver info: driver.version: ChromeDriver
remote stacktrace: Backtrace:
Ordinal0 [0x005FC013+3194899]
Ordinal0 [0x004E6021+2056225]
Ordinal0 [0x0037F4B0+586928]
Ordinal0 [0x00375894+546964]
Ordinal0 [0x00375F2C+548652]
Ordinal0 [0x00377175+553333]
Ordinal0 [0x0037241E+533534]
Ordinal0 [0x00380620+591392]
Ordinal0 [0x00322A0C+207372]
Ordinal0 [0x00321D0D+204045]
Ordinal0 [0x0031FC1B+195611]
Ordinal0 [0x00303B7F+80767]
Ordinal0 [0x00304B4E+84814]
Ordinal0 [0x00304AD9+84697]
Ordinal0 [0x004FCE64+2149988]
GetHandleVerifier [0x0076BE95+1400773]
GetHandleVerifier [0x0076BB61+1399953]
GetHandleVerifier [0x007731FA+1430314]
GetHandleVerifier [0x0076C69F+1402831]
Ordinal0 [0x004F3D61+2112865]
Ordinal0 [0x004FE5CB+2155979]
Ordinal0 [0x004FE6F5+2156277]
Ordinal0 [0x0050F26E+2224750]
BaseThreadInitThunk [0x754E6359+25]
RtlGetAppContainerNamedObjectPath [0x77538944+228]
RtlGetAppContainerNamedObjectPath [0x77538914+180]

at java.base/jdk.internal.reflect.NativeConstructorAccessorImpl.newInstance0(Native Method)
at java.base/jdk.internal.reflect.NativeConstructorAccessorImpl.newInstance(NativeConstructorAccessorImpl.java:64)
at java.base/jdk.internal.reflect.DelegatingConstructorAccessorImpl.newInstance(DelegatingConstructorAccessorImpl.java:45)
at java.base/java.lang.reflect.Constructor.newInstanceWithCaller(Constructor.java:500)
at java.base/java.lang.reflect.Constructor.newInstance(Constructor.java:481)
at org.openqa.selenium.remote.W3CHandshakeResponse.lambda$errorHandler$0(W3CHandshakeResponse.java:62)
at org.openqa.selenium.remote.HandshakeResponse.lambda$getResponseFunction$0(HandshakeResponse.java:30)
at org.openqa.selenium.remote.ProtocolHandshake.lambda$createSession$1(ProtocolHandshake.java:126)
at java.base/java.util.stream.ReferencePipeline$3$1.accept(ReferencePipeline.java:195)
at java.base/java.util.Spliterators$ArraySpliterator.tryAdvance(Spliterators.java:958)
at java.base/java.util.stream.ReferencePipeline.forEachWithCancel(ReferencePipeline.java:127)
at java.base/java.util.stream.AbstractPipeline.copyIntoWithCancel(AbstractPipeline.java:502)
at java.base/java.util.stream.AbstractPipeline.copyInto(AbstractPipeline.java:488)
at java.base/java.util.stream.AbstractPipeline.wrapAndCopyInto(AbstractPipeline.java:474)
at java.base/java.util.stream.FindOps$FindOp.evaluateSequential(FindOps.java:150)
at java.base/java.util.stream.AbstractPipeline.evaluate(AbstractPipeline.java:234)
at java.base/java.util.stream.ReferencePipeline.findFirst(ReferencePipeline.java:543)
at org.openqa.selenium.remote.ProtocolHandshake.createSession(ProtocolHandshake.java:128)
at org.openqa.selenium.remote.ProtocolHandshake.createSession(ProtocolHandshake.java:75)
at org.openqa.selenium.remote.HttpCommandExecutor.execute(HttpCommandExecutor.java:138)
at org.openqa.selenium.remote.service.DriverCommandExecutor.execute(DriverCommandExecutor.java:83)
at org.openqa.selenium.remote.RemoteWebDriver.execute(RemoteWebDriver.java:582)
at org.openqa.selenium.remote.RemoteWebDriver.startSession(RemoteWebDriver.java:216)
at org.openqa.selenium.remote.RemoteWebDriver.<init>(RemoteWebDriver.java:136)
at org.openqa.selenium.chromium.ChromiumDriver.<init>(ChromiumDriver.java:75)
at org.openqa.selenium.chrome.ChromeDriver.<init>(ChromeDriver.java:163)
at org.openqa.selenium.chrome.ChromeDriver.<init>(ChromeDriver.java:150)
at org.openqa.selenium.chrome.ChromeDriver.<init>(ChromeDriver.java:105)
at TestCase.TestBase.intiateDriver(TestBase.java:29)
at java.base/jdk.internal.reflect.NativeMethodAccessorImpl.invoke0(Native Method)
at java.base/jdk.internal.reflect.NativeMethodAccessorImpl.invoke(NativeMethodAccessorImpl.java:64)
at java.base/jdk.internal.reflect.DelegatingMethodAccessorImpl.invoke(DelegatingMethodAccessorImpl.java:43)
at java.base/java.lang.reflect.Method.invoke(Method.java:564)
at org.testng.internal.MethodInvocationHelper.invokeMethod(MethodInvocationHelper.java:132)
at org.testng.internal.MethodInvocationHelper.invokeMethodConsideringTimeout(MethodInvocationHelper.java:61)
at org.testng.internal.ConfigInvoker.invokeConfigurationMethod(ConfigInvoker.java:366)
at org.testng.internal.ConfigInvoker.invokeConfigurations(ConfigInvoker.java:320)
at org.testng.SuiteRunner.privateRun(SuiteRunner.java:327)
at org.testng.SuiteRunner.run(SuiteRunner.java:286)
at org.testng.SuiteRunnerWorker.runSuite(SuiteRunnerWorker.java:53)
at org.testng.SuiteRunnerWorker.run(SuiteRunnerWorker.java:96)
at org.testng.TestNG.runSuitesSequentially(TestNG.java:1218)
at org.testng.TestNG.runSuitesLocally(TestNG.java:1140)
at org.testng.TestNG.runSuites(TestNG.java:1069)
at org.testng.TestNG.run(TestNG.java:1037)
at org.testng.remote.AbstractRemoteTestNG.run(AbstractRemoteTestNG.java:115)
at org.testng.remote.RemoteTestNG.initAndRun(RemoteTestNG.java:251)
at org.testng.remote.RemoteTestNG.main(RemoteTestNG.java:77)
]]>
    </error>
  </testcase> <!-- intiateDriver -->
  <system-out/>
  <testcase classname="TestCase.TS7_TC00PaymentVoucher" name="VerifyInsuranceRefundAllActionatCancelVoucher" time="0.000">
    <skipped/>
  </testcase> <!-- VerifyInsuranceRefundAllActionatCancelVoucher -->
  <system-out/>
</testsuite> <!-- TestCase.TS7_TC00PaymentVoucher -->
